Started GET "/" for 127.0.0.1 at 2022-09-13 16:47:05 -0400
  [1m[36mActiveRecord::SchemaMigration Pluck (81.3ms)[0m  [1m[34mSELECT "schema_migrations"."version" FROM "schema_migrations" ORDER BY "schema_migrations"."version" ASC[0m
  [1m[36mCACHE ActiveRecord::SchemaMigration Pluck (0.0ms)[0m  [1m[34mSELECT "schema_migrations"."version" FROM "schema_migrations" ORDER BY "schema_migrations"."version" ASC[0m
  
ActiveRecord::PendingMigrationError (

Migrations are pending. To resolve this issue, run:

        bin/rails db:migrate RAILS_ENV=development

You have 1 pending migration:

20220425123449_add_devise_to_users.rb


):
  
activerecord (7.0.4) lib/active_record/migration.rb:627:in `check_pending!'
activerecord (7.0.4) lib/active_record/migration.rb:592:in `block (2 levels) in call'
activesupport (7.0.4) lib/active_support/file_update_checker.rb:83:in `execute'
activerecord (7.0.4) lib/active_record/migration.rb:597:in `block in call'
activerecord (7.0.4) lib/active_record/migration.rb:589:in `synchronize'
activerecord (7.0.4) lib/active_record/migration.rb:589:in `call'
actionpack (7.0.4) lib/action_dispatch/middleware/callbacks.rb:27:in `block in call'
activesupport (7.0.4) lib/active_support/callbacks.rb:99:in `run_callbacks'
actionpack (7.0.4) lib/action_dispatch/middleware/callbacks.rb:26:in `call'
actionpack (7.0.4) lib/action_dispatch/middleware/executor.rb:14:in `call'
actionpack (7.0.4) lib/action_dispatch/middleware/actionable_exceptions.rb:17:in `call'
actionpack (7.0.4) lib/action_dispatch/middleware/debug_exceptions.rb:28:in `call'
web-console (4.2.0) lib/web_console/middleware.rb:132:in `call_app'
web-console (4.2.0) lib/web_console/middleware.rb:28:in `block in call'
web-console (4.2.0) lib/web_console/middleware.rb:17:in `catch'
web-console (4.2.0) lib/web_console/middleware.rb:17:in `call'
actionpack (7.0.4) lib/action_dispatch/middleware/show_exceptions.rb:26:in `call'
railties (7.0.4) lib/rails/rack/logger.rb:40:in `call_app'
railties (7.0.4) lib/rails/rack/logger.rb:25:in `block in call'
activesupport (7.0.4) lib/active_support/tagged_logging.rb:99:in `block in tagged'
activesupport (7.0.4) lib/active_support/tagged_logging.rb:37:in `tagged'
activesupport (7.0.4) lib/active_support/tagged_logging.rb:99:in `tagged'
railties (7.0.4) lib/rails/rack/logger.rb:25:in `call'
sprockets-rails (3.4.2) lib/sprockets/rails/quiet_assets.rb:13:in `call'
actionpack (7.0.4) lib/action_dispatch/middleware/remote_ip.rb:93:in `call'
actionpack (7.0.4) lib/action_dispatch/middleware/request_id.rb:26:in `call'
rack (2.2.4) lib/rack/method_override.rb:24:in `call'
rack (2.2.4) lib/rack/runtime.rb:22:in `call'
activesupport (7.0.4) lib/active_support/cache/strategy/local_cache_middleware.rb:29:in `call'
actionpack (7.0.4) lib/action_dispatch/middleware/server_timing.rb:61:in `block in call'
actionpack (7.0.4) lib/action_dispatch/middleware/server_timing.rb:26:in `collect_events'
actionpack (7.0.4) lib/action_dispatch/middleware/server_timing.rb:60:in `call'
actionpack (7.0.4) lib/action_dispatch/middleware/executor.rb:14:in `call'
actionpack (7.0.4) lib/action_dispatch/middleware/static.rb:23:in `call'
rack (2.2.4) lib/rack/sendfile.rb:110:in `call'
actionpack (7.0.4) lib/action_dispatch/middleware/host_authorization.rb:137:in `call'
railties (7.0.4) lib/rails/engine.rb:530:in `call'
puma (5.6.5) lib/puma/configuration.rb:252:in `call'
puma (5.6.5) lib/puma/request.rb:77:in `block in handle_request'
puma (5.6.5) lib/puma/thread_pool.rb:340:in `with_force_shutdown'
puma (5.6.5) lib/puma/request.rb:76:in `handle_request'
puma (5.6.5) lib/puma/server.rb:443:in `process_client'
puma (5.6.5) lib/puma/thread_pool.rb:147:in `block in spawn_thread'
Started POST "/rails/actions" for 127.0.0.1 at 2022-09-13 16:47:20 -0400
  [1m[35m (0.4ms)[0m  [1m[34mSELECT pg_try_advisory_lock(8116918613048146545)[0m
  [1m[36mActiveRecord::SchemaMigration Pluck (0.4ms)[0m  [1m[34mSELECT "schema_migrations"."version" FROM "schema_migrations" ORDER BY "schema_migrations"."version" ASC[0m
Migrating to AddDeviseToUsers (20220425123449)
  [1m[36mTRANSACTION (0.2ms)[0m  [1m[35mBEGIN[0m
  [1m[35m (130.5ms)[0m  [1m[35mALTER TABLE "users" ADD "email" character varying DEFAULT '' NOT NULL[0m
  [1m[35m (0.4ms)[0m  [1m[35mALTER TABLE "users" ADD "encrypted_password" character varying DEFAULT '' NOT NULL[0m
  [1m[35m (0.4ms)[0m  [1m[35mALTER TABLE "users" ADD "reset_password_token" character varying[0m
  [1m[35m (0.4ms)[0m  [1m[35mALTER TABLE "users" ADD "reset_password_sent_at" timestamp(6)[0m
  [1m[35m (0.5ms)[0m  [1m[35mALTER TABLE "users" ADD "remember_created_at" timestamp(6)[0m
  [1m[35m (152.2ms)[0m  [1m[35mCREATE UNIQUE INDEX "index_users_on_email" ON "users" ("email")[0m
  [1m[35m (42.6ms)[0m  [1m[35mCREATE UNIQUE INDEX "index_users_on_reset_password_token" ON "users" ("reset_password_token")[0m
  [1m[36mActiveRecord::SchemaMigration Create (0.5ms)[0m  [1m[32mINSERT INTO "schema_migrations" ("version") VALUES ($1) RETURNING "version"[0m  [["version", "20220425123449"]]
  [1m[36mTRANSACTION (8.3ms)[0m  [1m[35mCOMMIT[0m
  [1m[36mActiveRecord::InternalMetadata Load (25.5ms)[0m  [1m[34mSELECT "ar_internal_metadata".* FROM "ar_internal_metadata" WHERE "ar_internal_metadata"."key" = $1 LIMIT $2[0m  [["key", "environment"], ["LIMIT", 1]]
  [1m[35m (0.5ms)[0m  [1m[34mSELECT pg_advisory_unlock(8116918613048146545)[0m
  [1m[36mActiveRecord::SchemaMigration Pluck (0.5ms)[0m  [1m[34mSELECT "schema_migrations"."version" FROM "schema_migrations" ORDER BY "schema_migrations"."version" ASC[0m
Started GET "/" for 127.0.0.1 at 2022-09-13 16:47:21 -0400
  [1m[36mActiveRecord::SchemaMigration Pluck (0.2ms)[0m  [1m[34mSELECT "schema_migrations"."version" FROM "schema_migrations" ORDER BY "schema_migrations"."version" ASC[0m
Processing by UsersController#index as HTML
  Rendering layout layouts/application.html.erb
  Rendering users/index.html.erb within layouts/application
  Rendered users/index.html.erb within layouts/application (Duration: 7.8ms | Allocations: 261)
  Rendered layout layouts/application.html.erb (Duration: 620.1ms | Allocations: 96698)
Completed 200 OK in 662ms (Views: 624.1ms | ActiveRecord: 0.0ms | Allocations: 101455)


Started GET "/users/sign_up" for 127.0.0.1 at 2022-09-13 16:47:27 -0400
Processing by Devise::RegistrationsController#new as HTML
  Rendering layout layouts/application.html.erb
  Rendering devise/registrations/new.html.erb within layouts/application
  Rendered devise/shared/_error_messages.html.erb (Duration: 18.3ms | Allocations: 263)
  Rendered devise/shared/_links.html.erb (Duration: 15.3ms | Allocations: 722)
  Rendered devise/registrations/new.html.erb within layouts/application (Duration: 321.0ms | Allocations: 8745)
  Rendered layout layouts/application.html.erb (Duration: 324.8ms | Allocations: 11145)
Completed 200 OK in 362ms (Views: 328.8ms | ActiveRecord: 5.2ms | Allocations: 28802)


Started POST "/users" for 127.0.0.1 at 2022-09-13 16:47:49 -0400
Processing by Devise::RegistrationsController#create as TURBO_STREAM
  Parameters: {"authenticity_token"=>"[FILTERED]", "user"=>{"email"=>"olivier@gmail.com", "password"=>"[FILTERED]", "password_confirmation"=>"[FILTERED]"}, "commit"=>"Sign up"}
  [1m[36mTRANSACTION (0.2ms)[0m  [1m[35mBEGIN[0m
  [1m[36mUser Exists? (42.7ms)[0m  [1m[34mSELECT 1 AS one FROM "users" WHERE "users"."email" = $1 LIMIT $2[0m  [["email", "olivier@gmail.com"], ["LIMIT", 1]]
  [1m[36mUser Create (42.6ms)[0m  [1m[32mINSERT INTO "users" ("name", "created_at", "updated_at", "email", "encrypted_password", "reset_password_token", "reset_password_sent_at", "remember_created_at") VALUES ($1, $2, $3, $4, $5, $6, $7, $8) RETURNING "id"[0m  [["name", nil], ["created_at", "2022-09-13 20:47:50.355057"], ["updated_at", "2022-09-13 20:47:50.355057"], ["email", "olivier@gmail.com"], ["encrypted_password", "[FILTERED]"], ["reset_password_token", "[FILTERED]"], ["reset_password_sent_at", "[FILTERED]"], ["remember_created_at", nil]]
  [1m[36mTRANSACTION (25.8ms)[0m  [1m[35mCOMMIT[0m
Redirected to 
Completed 500 Internal Server Error in 534ms (ActiveRecord: 111.3ms | Allocations: 17482)


  
NoMethodError (undefined method `user_url' for #<Devise::RegistrationsController:0x0000000000e150>
Did you mean?  users_url):
  
actionpack (7.0.4) lib/action_dispatch/routing/polymorphic_routes.rb:231:in `public_send'
actionpack (7.0.4) lib/action_dispatch/routing/polymorphic_routes.rb:231:in `polymorphic_method'
actionpack (7.0.4) lib/action_dispatch/routing/polymorphic_routes.rb:116:in `polymorphic_url'
actionpack (7.0.4) lib/action_dispatch/routing/url_for.rb:187:in `full_url_for'
actionpack (7.0.4) lib/action_dispatch/routing/url_for.rb:170:in `url_for'
actionpack (7.0.4) lib/action_controller/metal/redirecting.rb:144:in `_compute_redirect_to_location'
actionpack (7.0.4) lib/action_controller/metal/redirecting.rb:89:in `redirect_to'
actionpack (7.0.4) lib/action_controller/metal/flash.rb:62:in `redirect_to'
actionpack (7.0.4) lib/action_controller/metal/instrumentation.rb:42:in `block in redirect_to'
activesupport (7.0.4) lib/active_support/notifications.rb:206:in `block in instrument'
activesupport (7.0.4) lib/active_support/notifications/instrumenter.rb:24:in `instrument'
activesupport (7.0.4) lib/active_support/notifications.rb:206:in `instrument'
actionpack (7.0.4) lib/action_controller/metal/instrumentation.rb:41:in `redirect_to'
responders (3.0.1) lib/action_controller/responder.rb:147:in `redirect_to'
responders (3.0.1) lib/action_controller/responder.rb:207:in `navigation_behavior'
responders (3.0.1) lib/action_controller/responder.rb:174:in `rescue in to_html'
responders (3.0.1) lib/action_controller/responder.rb:171:in `to_html'
responders (3.0.1) lib/action_controller/responder.rb:165:in `respond'
responders (3.0.1) lib/action_controller/responder.rb:158:in `call'
responders (3.0.1) lib/action_controller/respond_with.rb:213:in `respond_with'
devise (4.8.1) app/controllers/devise/registrations_controller.rb:25:in `create'
actionpack (7.0.4) lib/action_controller/metal/basic_implicit_render.rb:6:in `send_action'
actionpack (7.0.4) lib/abstract_controller/base.rb:215:in `process_action'
actionpack (7.0.4) lib/action_controller/metal/rendering.rb:53:in `process_action'
actionpack (7.0.4) lib/abstract_controller/callbacks.rb:234:in `block in process_action'
activesupport (7.0.4) lib/active_support/callbacks.rb:118:in `block in run_callbacks'
actiontext (7.0.4) lib/action_text/rendering.rb:20:in `with_renderer'
actiontext (7.0.4) lib/action_text/engine.rb:69:in `block (4 levels) in <class:Engine>'
activesupport (7.0.4) lib/active_support/callbacks.rb:127:in `instance_exec'
activesupport (7.0.4) lib/active_support/callbacks.rb:127:in `block in run_callbacks'
activesupport (7.0.4) lib/active_support/callbacks.rb:138:in `run_callbacks'
actionpack (7.0.4) lib/abstract_controller/callbacks.rb:233:in `process_action'
actionpack (7.0.4) lib/action_controller/metal/rescue.rb:22:in `process_action'
actionpack (7.0.4) lib/action_controller/metal/instrumentation.rb:67:in `block in process_action'
activesupport (7.0.4) lib/active_support/notifications.rb:206:in `block in instrument'
activesupport (7.0.4) lib/active_support/notifications/instrumenter.rb:24:in `instrument'
activesupport (7.0.4) lib/active_support/notifications.rb:206:in `instrument'
actionpack (7.0.4) lib/action_controller/metal/instrumentation.rb:66:in `process_action'
actionpack (7.0.4) lib/action_controller/metal/params_wrapper.rb:259:in `process_action'
activerecord (7.0.4) lib/active_record/railties/controller_runtime.rb:27:in `process_action'
actionpack (7.0.4) lib/abstract_controller/base.rb:151:in `process'
actionview (7.0.4) lib/action_view/rendering.rb:39:in `process'
actionpack (7.0.4) lib/action_controller/metal.rb:188:in `dispatch'
actionpack (7.0.4) lib/action_controller/metal.rb:251:in `dispatch'
actionpack (7.0.4) lib/action_dispatch/routing/route_set.rb:49:in `dispatch'
actionpack (7.0.4) lib/action_dispatch/routing/route_set.rb:32:in `serve'
actionpack (7.0.4) lib/action_dispatch/routing/mapper.rb:18:in `block in <class:Constraints>'
actionpack (7.0.4) lib/action_dispatch/routing/mapper.rb:48:in `serve'
actionpack (7.0.4) lib/action_dispatch/journey/router.rb:50:in `block in serve'
actionpack (7.0.4) lib/action_dispatch/journey/router.rb:32:in `each'
actionpack (7.0.4) lib/action_dispatch/journey/router.rb:32:in `serve'
actionpack (7.0.4) lib/action_dispatch/routing/route_set.rb:852:in `call'
warden (1.2.9) lib/warden/manager.rb:36:in `block in call'
warden (1.2.9) lib/warden/manager.rb:34:in `catch'
warden (1.2.9) lib/warden/manager.rb:34:in `call'
rack (2.2.4) lib/rack/tempfile_reaper.rb:15:in `call'
rack (2.2.4) lib/rack/etag.rb:27:in `call'
rack (2.2.4) lib/rack/conditional_get.rb:40:in `call'
rack (2.2.4) lib/rack/head.rb:12:in `call'
actionpack (7.0.4) lib/action_dispatch/http/permissions_policy.rb:38:in `call'
actionpack (7.0.4) lib/action_dispatch/http/content_security_policy.rb:36:in `call'
rack (2.2.4) lib/rack/session/abstract/id.rb:266:in `context'
rack (2.2.4) lib/rack/session/abstract/id.rb:260:in `call'
actionpack (7.0.4) lib/action_dispatch/middleware/cookies.rb:696:in `call'
activerecord (7.0.4) lib/active_record/migration.rb:603:in `call'
actionpack (7.0.4) lib/action_dispatch/middleware/callbacks.rb:27:in `block in call'
activesupport (7.0.4) lib/active_support/callbacks.rb:99:in `run_callbacks'
actionpack (7.0.4) lib/action_dispatch/middleware/callbacks.rb:26:in `call'
actionpack (7.0.4) lib/action_dispatch/middleware/executor.rb:14:in `call'
actionpack (7.0.4) lib/action_dispatch/middleware/actionable_exceptions.rb:17:in `call'
actionpack (7.0.4) lib/action_dispatch/middleware/debug_exceptions.rb:28:in `call'
web-console (4.2.0) lib/web_console/middleware.rb:132:in `call_app'
web-console (4.2.0) lib/web_console/middleware.rb:28:in `block in call'
web-console (4.2.0) lib/web_console/middleware.rb:17:in `catch'
web-console (4.2.0) lib/web_console/middleware.rb:17:in `call'
actionpack (7.0.4) lib/action_dispatch/middleware/show_exceptions.rb:26:in `call'
railties (7.0.4) lib/rails/rack/logger.rb:40:in `call_app'
railties (7.0.4) lib/rails/rack/logger.rb:25:in `block in call'
activesupport (7.0.4) lib/active_support/tagged_logging.rb:99:in `block in tagged'
activesupport (7.0.4) lib/active_support/tagged_logging.rb:37:in `tagged'
activesupport (7.0.4) lib/active_support/tagged_logging.rb:99:in `tagged'
railties (7.0.4) lib/rails/rack/logger.rb:25:in `call'
sprockets-rails (3.4.2) lib/sprockets/rails/quiet_assets.rb:13:in `call'
actionpack (7.0.4) lib/action_dispatch/middleware/remote_ip.rb:93:in `call'
actionpack (7.0.4) lib/action_dispatch/middleware/request_id.rb:26:in `call'
rack (2.2.4) lib/rack/method_override.rb:24:in `call'
rack (2.2.4) lib/rack/runtime.rb:22:in `call'
activesupport (7.0.4) lib/active_support/cache/strategy/local_cache_middleware.rb:29:in `call'
actionpack (7.0.4) lib/action_dispatch/middleware/server_timing.rb:61:in `block in call'
actionpack (7.0.4) lib/action_dispatch/middleware/server_timing.rb:26:in `collect_events'
actionpack (7.0.4) lib/action_dispatch/middleware/server_timing.rb:60:in `call'
actionpack (7.0.4) lib/action_dispatch/middleware/executor.rb:14:in `call'
actionpack (7.0.4) lib/action_dispatch/middleware/static.rb:23:in `call'
rack (2.2.4) lib/rack/sendfile.rb:110:in `call'
actionpack (7.0.4) lib/action_dispatch/middleware/host_authorization.rb:137:in `call'
railties (7.0.4) lib/rails/engine.rb:530:in `call'
puma (5.6.5) lib/puma/configuration.rb:252:in `call'
puma (5.6.5) lib/puma/request.rb:77:in `block in handle_request'
puma (5.6.5) lib/puma/thread_pool.rb:340:in `with_force_shutdown'
puma (5.6.5) lib/puma/request.rb:76:in `handle_request'
puma (5.6.5) lib/puma/server.rb:443:in `process_client'
puma (5.6.5) lib/puma/thread_pool.rb:147:in `block in spawn_thread'
Started GET "/" for 127.0.0.1 at 2022-09-13 16:48:48 -0400
Processing by UsersController#index as HTML
  Rendering layout layouts/application.html.erb
  Rendering users/index.html.erb within layouts/application
  Rendered users/index.html.erb within layouts/application (Duration: 0.3ms | Allocations: 31)
  Rendered layout layouts/application.html.erb (Duration: 14.7ms | Allocations: 2375)
Completed 200 OK in 20ms (Views: 17.6ms | ActiveRecord: 0.0ms | Allocations: 3072)


Started GET "/" for 127.0.0.1 at 2022-09-13 16:48:49 -0400
Processing by UsersController#index as HTML
  Rendering layout layouts/application.html.erb
  Rendering users/index.html.erb within layouts/application
  Rendered users/index.html.erb within layouts/application (Duration: 0.5ms | Allocations: 31)
  Rendered layout layouts/application.html.erb (Duration: 18.1ms | Allocations: 2245)
Completed 200 OK in 22ms (Views: 20.9ms | ActiveRecord: 0.0ms | Allocations: 2848)


Started GET "/users/sign_in" for 127.0.0.1 at 2022-09-13 16:48:50 -0400
Processing by Devise::SessionsController#new as HTML
  Rendering layout layouts/application.html.erb
  Rendering devise/sessions/new.html.erb within layouts/application
  Rendered devise/shared/_links.html.erb (Duration: 1.4ms | Allocations: 441)
  Rendered devise/sessions/new.html.erb within layouts/application (Duration: 66.2ms | Allocations: 2917)
  Rendered layout layouts/application.html.erb (Duration: 73.9ms | Allocations: 5298)
Completed 200 OK in 78ms (Views: 76.0ms | ActiveRecord: 0.0ms | Allocations: 6950)


Started POST "/users/sign_in" for 127.0.0.1 at 2022-09-13 16:49:01 -0400
Processing by Devise::SessionsController#create as TURBO_STREAM
  Parameters: {"authenticity_token"=>"[FILTERED]", "user"=>{"email"=>"oop@oop.com", "password"=>"[FILTERED]", "remember_me"=>"0"}, "commit"=>"Log in"}
  [1m[36mUser Load (0.4ms)[0m  [1m[34mSELECT "users".* FROM "users" WHERE "users"."email" = $1 ORDER BY "users"."id" ASC LIMIT $2[0m  [["email", "oop@oop.com"], ["LIMIT", 1]]
Completed 401 Unauthorized in 56ms (ActiveRecord: 0.4ms | Allocations: 2447)


Started POST "/users/sign_in" for 127.0.0.1 at 2022-09-13 16:49:03 -0400
Processing by Devise::SessionsController#create as TURBO_STREAM
  Parameters: {"authenticity_token"=>"[FILTERED]", "user"=>{"email"=>"oop@oop.com", "password"=>"[FILTERED]", "remember_me"=>"0"}, "commit"=>"Log in"}
  [1m[36mUser Load (0.4ms)[0m  [1m[34mSELECT "users".* FROM "users" WHERE "users"."email" = $1 ORDER BY "users"."id" ASC LIMIT $2[0m  [["email", "oop@oop.com"], ["LIMIT", 1]]
Completed 401 Unauthorized in 6ms (ActiveRecord: 0.4ms | Allocations: 1638)


Started POST "/users/sign_in" for 127.0.0.1 at 2022-09-13 16:49:03 -0400
Processing by Devise::SessionsController#create as TURBO_STREAM
  Parameters: {"authenticity_token"=>"[FILTERED]", "user"=>{"email"=>"oop@oop.com", "password"=>"[FILTERED]", "remember_me"=>"0"}, "commit"=>"Log in"}
  [1m[36mUser Load (0.3ms)[0m  [1m[34mSELECT "users".* FROM "users" WHERE "users"."email" = $1 ORDER BY "users"."id" ASC LIMIT $2[0m  [["email", "oop@oop.com"], ["LIMIT", 1]]
Completed 401 Unauthorized in 5ms (ActiveRecord: 0.3ms | Allocations: 1562)


Started POST "/users/sign_in" for 127.0.0.1 at 2022-09-13 16:49:04 -0400
Processing by Devise::SessionsController#create as TURBO_STREAM
  Parameters: {"authenticity_token"=>"[FILTERED]", "user"=>{"email"=>"oop@oop.com", "password"=>"[FILTERED]", "remember_me"=>"0"}, "commit"=>"Log in"}
  [1m[36mUser Load (0.6ms)[0m  [1m[34mSELECT "users".* FROM "users" WHERE "users"."email" = $1 ORDER BY "users"."id" ASC LIMIT $2[0m  [["email", "oop@oop.com"], ["LIMIT", 1]]
Completed 401 Unauthorized in 10ms (ActiveRecord: 0.6ms | Allocations: 1567)


Started GET "/users/sign_up" for 127.0.0.1 at 2022-09-13 16:49:05 -0400
Processing by Devise::RegistrationsController#new as HTML
  Rendering layout layouts/application.html.erb
  Rendering devise/registrations/new.html.erb within layouts/application
  Rendered devise/shared/_error_messages.html.erb (Duration: 0.1ms | Allocations: 16)
  Rendered devise/shared/_links.html.erb (Duration: 0.2ms | Allocations: 83)
  Rendered devise/registrations/new.html.erb within layouts/application (Duration: 5.1ms | Allocations: 1315)
  Rendered layout layouts/application.html.erb (Duration: 14.9ms | Allocations: 3617)
Completed 200 OK in 20ms (Views: 17.6ms | ActiveRecord: 0.0ms | Allocations: 4341)


